[0.597s] Invoking command in '/home/dennis/ros2_ws/src/pointpillars': PYTHONPATH=/home/dennis/ros2_ws/install/pointpillars/lib/python3.8/site-packages:${PYTHONPATH} /usr/bin/python3 setup.py egg_info --egg-base ../../build/pointpillars build --build-base /home/dennis/ros2_ws/build/pointpillars/build install --prefix /home/dennis/ros2_ws/install/pointpillars --record /home/dennis/ros2_ws/build/pointpillars/install.log --single-version-externally-managed
[0.822s] running egg_info
[0.836s] writing ../../build/pointpillars/pointpillars.egg-info/PKG-INFO
[0.836s] writing dependency_links to ../../build/pointpillars/pointpillars.egg-info/dependency_links.txt
[0.836s] writing entry points to ../../build/pointpillars/pointpillars.egg-info/entry_points.txt
[0.836s] writing requirements to ../../build/pointpillars/pointpillars.egg-info/requires.txt
[0.836s] writing top-level names to ../../build/pointpillars/pointpillars.egg-info/top_level.txt
[0.851s] reading manifest file '../../build/pointpillars/pointpillars.egg-info/SOURCES.txt'
[0.851s] writing manifest file '../../build/pointpillars/pointpillars.egg-info/SOURCES.txt'
[0.851s] running build
[0.851s] running build_py
[0.852s] running install
[0.852s] /home/dennis/.local/lib/python3.8/site-packages/setuptools/command/install.py:34: SetuptoolsDeprecationWarning: setup.py install is deprecated. Use build and pip and other standards-based tools.
[0.852s]   warnings.warn(
[0.854s] running install_lib
[0.862s] running install_data
[0.869s] running install_egg_info
[0.876s] removing '/home/dennis/ros2_ws/install/pointpillars/lib/python3.8/site-packages/pointpillars-0.0.0-py3.8.egg-info' (and everything under it)
[0.876s] Copying ../../build/pointpillars/pointpillars.egg-info to /home/dennis/ros2_ws/install/pointpillars/lib/python3.8/site-packages/pointpillars-0.0.0-py3.8.egg-info
[0.877s] running install_scripts
[0.907s] Installing pointpillars script to /home/dennis/ros2_ws/install/pointpillars/lib/pointpillars
[0.907s] writing list of installed files to '/home/dennis/ros2_ws/build/pointpillars/install.log'
[0.930s] Invoked command in '/home/dennis/ros2_ws/src/pointpillars' returned '0': PYTHONPATH=/home/dennis/ros2_ws/install/pointpillars/lib/python3.8/site-packages:${PYTHONPATH} /usr/bin/python3 setup.py egg_info --egg-base ../../build/pointpillars build --build-base /home/dennis/ros2_ws/build/pointpillars/build install --prefix /home/dennis/ros2_ws/install/pointpillars --record /home/dennis/ros2_ws/build/pointpillars/install.log --single-version-externally-managed
