[0.599s] Invoking command in '/home/dennis/ros2_ws/src/pointpillars': PYTHONPATH=/home/dennis/ros2_ws/install/pointpillars/lib/python3.8/site-packages:${PYTHONPATH} /usr/bin/python3 setup.py egg_info --egg-base ../../build/pointpillars build --build-base /home/dennis/ros2_ws/build/pointpillars/build install --prefix /home/dennis/ros2_ws/install/pointpillars --record /home/dennis/ros2_ws/build/pointpillars/install.log --single-version-externally-managed
[0.834s] running egg_info
[0.846s] writing ../../build/pointpillars/pointpillars.egg-info/PKG-INFO
[0.846s] writing dependency_links to ../../build/pointpillars/pointpillars.egg-info/dependency_links.txt
[0.847s] writing entry points to ../../build/pointpillars/pointpillars.egg-info/entry_points.txt
[0.847s] writing requirements to ../../build/pointpillars/pointpillars.egg-info/requires.txt
[0.847s] writing top-level names to ../../build/pointpillars/pointpillars.egg-info/top_level.txt
[0.862s] reading manifest file '../../build/pointpillars/pointpillars.egg-info/SOURCES.txt'
[0.862s] writing manifest file '../../build/pointpillars/pointpillars.egg-info/SOURCES.txt'
[0.862s] running build
[0.862s] running build_py
[0.863s] copying pointpillars/pointpillars.py -> /home/dennis/ros2_ws/build/pointpillars/build/lib/pointpillars
[0.863s] running install
[0.863s] /home/dennis/.local/lib/python3.8/site-packages/setuptools/command/install.py:34: SetuptoolsDeprecationWarning: setup.py install is deprecated. Use build and pip and other standards-based tools.
[0.863s]   warnings.warn(
[0.866s] running install_lib
[0.873s] copying /home/dennis/ros2_ws/build/pointpillars/build/lib/pointpillars/pointpillars.py -> /home/dennis/ros2_ws/install/pointpillars/lib/python3.8/site-packages/pointpillars
[0.874s] byte-compiling /home/dennis/ros2_ws/install/pointpillars/lib/python3.8/site-packages/pointpillars/pointpillars.py to pointpillars.cpython-38.pyc
[0.874s] running install_data
[0.882s] running install_egg_info
[0.890s] removing '/home/dennis/ros2_ws/install/pointpillars/lib/python3.8/site-packages/pointpillars-0.0.0-py3.8.egg-info' (and everything under it)
[0.890s] Copying ../../build/pointpillars/pointpillars.egg-info to /home/dennis/ros2_ws/install/pointpillars/lib/python3.8/site-packages/pointpillars-0.0.0-py3.8.egg-info
[0.890s] running install_scripts
[0.923s] Installing pointpillars script to /home/dennis/ros2_ws/install/pointpillars/lib/pointpillars
[0.923s] writing list of installed files to '/home/dennis/ros2_ws/build/pointpillars/install.log'
[0.945s] Invoked command in '/home/dennis/ros2_ws/src/pointpillars' returned '0': PYTHONPATH=/home/dennis/ros2_ws/install/pointpillars/lib/python3.8/site-packages:${PYTHONPATH} /usr/bin/python3 setup.py egg_info --egg-base ../../build/pointpillars build --build-base /home/dennis/ros2_ws/build/pointpillars/build install --prefix /home/dennis/ros2_ws/install/pointpillars --record /home/dennis/ros2_ws/build/pointpillars/install.log --single-version-externally-managed
