[1.233s] Invoking command in '/home/ivlab/perception_ws/src/pointpillars': PYTHONPATH=/home/ivlab/perception_ws/build/pointpillars/prefix_override:/home/ivlab/perception_ws/install/pointpillars/lib/python3.8/site-packages:${PYTHONPATH} /usr/bin/python3 setup.py egg_info --egg-base ../../build/pointpillars build --build-base /home/ivlab/perception_ws/build/pointpillars/build install --record /home/ivlab/perception_ws/build/pointpillars/install.log --single-version-externally-managed
[1.687s] running egg_info
[1.714s] writing ../../build/pointpillars/pointpillars.egg-info/PKG-INFO
[1.715s] writing dependency_links to ../../build/pointpillars/pointpillars.egg-info/dependency_links.txt
[1.715s] writing entry points to ../../build/pointpillars/pointpillars.egg-info/entry_points.txt
[1.715s] writing requirements to ../../build/pointpillars/pointpillars.egg-info/requires.txt
[1.715s] writing top-level names to ../../build/pointpillars/pointpillars.egg-info/top_level.txt
[1.758s] reading manifest file '../../build/pointpillars/pointpillars.egg-info/SOURCES.txt'
[1.759s] writing manifest file '../../build/pointpillars/pointpillars.egg-info/SOURCES.txt'
[1.760s] running build
[1.760s] running build_py
[1.760s] running install
[1.760s] /home/ivlab/.local/lib/python3.8/site-packages/setuptools/command/install.py:34: SetuptoolsDeprecationWarning: setup.py install is deprecated. Use build and pip and other standards-based tools.
[1.760s]   warnings.warn(
[1.765s] running install_lib
[1.784s] running install_data
[1.802s] running install_egg_info
[1.825s] removing '/home/ivlab/perception_ws/install/pointpillars/lib/python3.8/site-packages/pointpillars-0.0.0-py3.8.egg-info' (and everything under it)
[1.826s] Copying ../../build/pointpillars/pointpillars.egg-info to /home/ivlab/perception_ws/install/pointpillars/lib/python3.8/site-packages/pointpillars-0.0.0-py3.8.egg-info
[1.827s] running install_scripts
[1.898s] Installing pointpillars script to /home/ivlab/perception_ws/install/pointpillars/lib/pointpillars
[1.898s] writing list of installed files to '/home/ivlab/perception_ws/build/pointpillars/install.log'
[1.937s] Invoked command in '/home/ivlab/perception_ws/src/pointpillars' returned '0': PYTHONPATH=/home/ivlab/perception_ws/build/pointpillars/prefix_override:/home/ivlab/perception_ws/install/pointpillars/lib/python3.8/site-packages:${PYTHONPATH} /usr/bin/python3 setup.py egg_info --egg-base ../../build/pointpillars build --build-base /home/ivlab/perception_ws/build/pointpillars/build install --record /home/ivlab/perception_ws/build/pointpillars/install.log --single-version-externally-managed
