[0.547s] Invoking command in '/home/dennis/ros2_ws/src/pointpillars': PYTHONPATH=/home/dennis/ros2_ws/install/pointpillars/lib/python3.8/site-packages:${PYTHONPATH} /usr/bin/python3 setup.py egg_info --egg-base ../../build/pointpillars build --build-base /home/dennis/ros2_ws/build/pointpillars/build install --prefix /home/dennis/ros2_ws/install/pointpillars --record /home/dennis/ros2_ws/build/pointpillars/install.log --single-version-externally-managed
[0.721s] running egg_info
[0.726s] writing ../../build/pointpillars/pointpillars.egg-info/PKG-INFO
[0.726s] writing dependency_links to ../../build/pointpillars/pointpillars.egg-info/dependency_links.txt
[0.726s] writing entry points to ../../build/pointpillars/pointpillars.egg-info/entry_points.txt
[0.726s] writing requirements to ../../build/pointpillars/pointpillars.egg-info/requires.txt
[0.726s] writing top-level names to ../../build/pointpillars/pointpillars.egg-info/top_level.txt
[0.741s] reading manifest file '../../build/pointpillars/pointpillars.egg-info/SOURCES.txt'
[0.742s] writing manifest file '../../build/pointpillars/pointpillars.egg-info/SOURCES.txt'
[0.742s] running build
[0.742s] running build_py
[0.742s] copying pointpillars/pointpillars.py -> /home/dennis/ros2_ws/build/pointpillars/build/lib/pointpillars
[0.742s] running install
[0.743s] /home/dennis/.local/lib/python3.8/site-packages/setuptools/command/install.py:34: SetuptoolsDeprecationWarning: setup.py install is deprecated. Use build and pip and other standards-based tools.
[0.743s]   warnings.warn(
[0.746s] running install_lib
[0.751s] copying /home/dennis/ros2_ws/build/pointpillars/build/lib/pointpillars/pointpillars.py -> /home/dennis/ros2_ws/install/pointpillars/lib/python3.8/site-packages/pointpillars
[0.751s] byte-compiling /home/dennis/ros2_ws/install/pointpillars/lib/python3.8/site-packages/pointpillars/pointpillars.py to pointpillars.cpython-38.pyc
[0.753s] running install_data
[0.758s] copying package.xml -> /home/dennis/ros2_ws/install/pointpillars/share/pointpillars
[0.758s] running install_egg_info
[0.764s] removing '/home/dennis/ros2_ws/install/pointpillars/lib/python3.8/site-packages/pointpillars-0.0.0-py3.8.egg-info' (and everything under it)
[0.764s] Copying ../../build/pointpillars/pointpillars.egg-info to /home/dennis/ros2_ws/install/pointpillars/lib/python3.8/site-packages/pointpillars-0.0.0-py3.8.egg-info
[0.765s] running install_scripts
[0.793s] Installing pointpillars script to /home/dennis/ros2_ws/install/pointpillars/lib/pointpillars
[0.793s] writing list of installed files to '/home/dennis/ros2_ws/build/pointpillars/install.log'
[0.812s] Invoked command in '/home/dennis/ros2_ws/src/pointpillars' returned '0': PYTHONPATH=/home/dennis/ros2_ws/install/pointpillars/lib/python3.8/site-packages:${PYTHONPATH} /usr/bin/python3 setup.py egg_info --egg-base ../../build/pointpillars build --build-base /home/dennis/ros2_ws/build/pointpillars/build install --prefix /home/dennis/ros2_ws/install/pointpillars --record /home/dennis/ros2_ws/build/pointpillars/install.log --single-version-externally-managed
