running egg_info
creating ../../build/pointpillars/pointpillars.egg-info
writing ../../build/pointpillars/pointpillars.egg-info/PKG-INFO
writing dependency_links to ../../build/pointpillars/pointpillars.egg-info/dependency_links.txt
writing entry points to ../../build/pointpillars/pointpillars.egg-info/entry_points.txt
writing requirements to ../../build/pointpillars/pointpillars.egg-info/requires.txt
writing top-level names to ../../build/pointpillars/pointpillars.egg-info/top_level.txt
writing manifest file '../../build/pointpillars/pointpillars.egg-info/SOURCES.txt'
reading manifest file '../../build/pointpillars/pointpillars.egg-info/SOURCES.txt'
writing manifest file '../../build/pointpillars/pointpillars.egg-info/SOURCES.txt'
running build
running build_py
creating /home/dennis/ros2_ws/build/pointpillars/build
creating /home/dennis/ros2_ws/build/pointpillars/build/lib
creating /home/dennis/ros2_ws/build/pointpillars/build/lib/pointpillars
copying pointpillars/pointpillars.py -> /home/dennis/ros2_ws/build/pointpillars/build/lib/pointpillars
copying pointpillars/__init__.py -> /home/dennis/ros2_ws/build/pointpillars/build/lib/pointpillars
running install
running install_lib
creating /home/dennis/ros2_ws/install/pointpillars/lib/python3.8/site-packages/pointpillars
copying /home/dennis/ros2_ws/build/pointpillars/build/lib/pointpillars/pointpillars.py -> /home/dennis/ros2_ws/install/pointpillars/lib/python3.8/site-packages/pointpillars
copying /home/dennis/ros2_ws/build/pointpillars/build/lib/pointpillars/__init__.py -> /home/dennis/ros2_ws/install/pointpillars/lib/python3.8/site-packages/pointpillars
byte-compiling /home/dennis/ros2_ws/install/pointpillars/lib/python3.8/site-packages/pointpillars/pointpillars.py to pointpillars.cpython-38.pyc
byte-compiling /home/dennis/ros2_ws/install/pointpillars/lib/python3.8/site-packages/pointpillars/__init__.py to __init__.cpython-38.pyc
running install_data
creating /home/dennis/ros2_ws/install/pointpillars/share/ament_index
creating /home/dennis/ros2_ws/install/pointpillars/share/ament_index/resource_index
creating /home/dennis/ros2_ws/install/pointpillars/share/ament_index/resource_index/packages
copying resource/pointpillars -> /home/dennis/ros2_ws/install/pointpillars/share/ament_index/resource_index/packages
copying package.xml -> /home/dennis/ros2_ws/install/pointpillars/share/pointpillars
running install_egg_info
Copying ../../build/pointpillars/pointpillars.egg-info to /home/dennis/ros2_ws/install/pointpillars/lib/python3.8/site-packages/pointpillars-0.0.0-py3.8.egg-info
running install_scripts
Installing pointpillars script to /home/dennis/ros2_ws/install/pointpillars/lib/pointpillars
writing list of installed files to '/home/dennis/ros2_ws/build/pointpillars/install.log'
