[0.646s] Invoking command in '/home/dennis/ros2_ws/src/pointpillars': PYTHONPATH=/home/dennis/ros2_ws/install/pointpillars/lib/python3.8/site-packages:${PYTHONPATH} /usr/bin/python3 setup.py egg_info --egg-base ../../build/pointpillars build --build-base /home/dennis/ros2_ws/build/pointpillars/build install --prefix /home/dennis/ros2_ws/install/pointpillars --record /home/dennis/ros2_ws/build/pointpillars/install.log --single-version-externally-managed
[0.846s] running egg_info
[0.847s] creating ../../build/pointpillars/pointpillars.egg-info
[0.852s] writing ../../build/pointpillars/pointpillars.egg-info/PKG-INFO
[0.852s] writing dependency_links to ../../build/pointpillars/pointpillars.egg-info/dependency_links.txt
[0.853s] writing entry points to ../../build/pointpillars/pointpillars.egg-info/entry_points.txt
[0.853s] writing requirements to ../../build/pointpillars/pointpillars.egg-info/requires.txt
[0.853s] writing top-level names to ../../build/pointpillars/pointpillars.egg-info/top_level.txt
[0.859s] writing manifest file '../../build/pointpillars/pointpillars.egg-info/SOURCES.txt'
[0.872s] reading manifest file '../../build/pointpillars/pointpillars.egg-info/SOURCES.txt'
[0.872s] writing manifest file '../../build/pointpillars/pointpillars.egg-info/SOURCES.txt'
[0.872s] running build
[0.872s] running build_py
[0.872s] creating /home/dennis/ros2_ws/build/pointpillars/build
[0.872s] creating /home/dennis/ros2_ws/build/pointpillars/build/lib
[0.872s] creating /home/dennis/ros2_ws/build/pointpillars/build/lib/pointpillars
[0.873s] copying pointpillars/pointpillars.py -> /home/dennis/ros2_ws/build/pointpillars/build/lib/pointpillars
[0.873s] copying pointpillars/__init__.py -> /home/dennis/ros2_ws/build/pointpillars/build/lib/pointpillars
[0.873s] running install
[0.874s] /home/dennis/.local/lib/python3.8/site-packages/setuptools/command/install.py:34: SetuptoolsDeprecationWarning: setup.py install is deprecated. Use build and pip and other standards-based tools.
[0.874s]   warnings.warn(
[0.876s] running install_lib
[0.882s] creating /home/dennis/ros2_ws/install/pointpillars/lib/python3.8/site-packages/pointpillars
[0.882s] copying /home/dennis/ros2_ws/build/pointpillars/build/lib/pointpillars/pointpillars.py -> /home/dennis/ros2_ws/install/pointpillars/lib/python3.8/site-packages/pointpillars
[0.882s] copying /home/dennis/ros2_ws/build/pointpillars/build/lib/pointpillars/__init__.py -> /home/dennis/ros2_ws/install/pointpillars/lib/python3.8/site-packages/pointpillars
[0.882s] byte-compiling /home/dennis/ros2_ws/install/pointpillars/lib/python3.8/site-packages/pointpillars/pointpillars.py to pointpillars.cpython-38.pyc
[0.883s] byte-compiling /home/dennis/ros2_ws/install/pointpillars/lib/python3.8/site-packages/pointpillars/__init__.py to __init__.cpython-38.pyc
[0.883s] running install_data
[0.889s] creating /home/dennis/ros2_ws/install/pointpillars/share/ament_index
[0.889s] creating /home/dennis/ros2_ws/install/pointpillars/share/ament_index/resource_index
[0.889s] creating /home/dennis/ros2_ws/install/pointpillars/share/ament_index/resource_index/packages
[0.889s] copying resource/pointpillars -> /home/dennis/ros2_ws/install/pointpillars/share/ament_index/resource_index/packages
[0.889s] copying package.xml -> /home/dennis/ros2_ws/install/pointpillars/share/pointpillars
[0.889s] running install_egg_info
[0.900s] Copying ../../build/pointpillars/pointpillars.egg-info to /home/dennis/ros2_ws/install/pointpillars/lib/python3.8/site-packages/pointpillars-0.0.0-py3.8.egg-info
[0.900s] running install_scripts
[0.934s] Installing pointpillars script to /home/dennis/ros2_ws/install/pointpillars/lib/pointpillars
[0.934s] writing list of installed files to '/home/dennis/ros2_ws/build/pointpillars/install.log'
[0.957s] Invoked command in '/home/dennis/ros2_ws/src/pointpillars' returned '0': PYTHONPATH=/home/dennis/ros2_ws/install/pointpillars/lib/python3.8/site-packages:${PYTHONPATH} /usr/bin/python3 setup.py egg_info --egg-base ../../build/pointpillars build --build-base /home/dennis/ros2_ws/build/pointpillars/build install --prefix /home/dennis/ros2_ws/install/pointpillars --record /home/dennis/ros2_ws/build/pointpillars/install.log --single-version-externally-managed
