running egg_info
writing ../../build/pointpillars/pointpillars.egg-info/PKG-INFO
writing dependency_links to ../../build/pointpillars/pointpillars.egg-info/dependency_links.txt
writing entry points to ../../build/pointpillars/pointpillars.egg-info/entry_points.txt
writing requirements to ../../build/pointpillars/pointpillars.egg-info/requires.txt
writing top-level names to ../../build/pointpillars/pointpillars.egg-info/top_level.txt
reading manifest file '../../build/pointpillars/pointpillars.egg-info/SOURCES.txt'
writing manifest file '../../build/pointpillars/pointpillars.egg-info/SOURCES.txt'
running build
running build_py
copying pointpillars/pointpillars.py -> /home/ivlab/perception_ws/build/pointpillars/build/lib/pointpillars
running install
/home/ivlab/.local/lib/python3.8/site-packages/setuptools/command/install.py:34: SetuptoolsDeprecationWarning: setup.py install is deprecated. Use build and pip and other standards-based tools.
  warnings.warn(
running install_lib
copying /home/ivlab/perception_ws/build/pointpillars/build/lib/pointpillars/pointpillars.py -> /home/ivlab/perception_ws/install/pointpillars/lib/python3.8/site-packages/pointpillars
byte-compiling /home/ivlab/perception_ws/install/pointpillars/lib/python3.8/site-packages/pointpillars/pointpillars.py to pointpillars.cpython-38.pyc
running install_data
running install_egg_info
removing '/home/ivlab/perception_ws/install/pointpillars/lib/python3.8/site-packages/pointpillars-0.0.0-py3.8.egg-info' (and everything under it)
Copying ../../build/pointpillars/pointpillars.egg-info to /home/ivlab/perception_ws/install/pointpillars/lib/python3.8/site-packages/pointpillars-0.0.0-py3.8.egg-info
running install_scripts
Installing pointpillars script to /home/ivlab/perception_ws/install/pointpillars/lib/pointpillars
writing list of installed files to '/home/ivlab/perception_ws/build/pointpillars/install.log'
