[1.214s] Invoking command in '/home/ivlab/perception_ws/src/pointpillars': PYTHONPATH=/home/ivlab/perception_ws/build/pointpillars/prefix_override:/home/ivlab/perception_ws/install/pointpillars/lib/python3.8/site-packages:${PYTHONPATH} /usr/bin/python3 setup.py egg_info --egg-base ../../build/pointpillars build --build-base /home/ivlab/perception_ws/build/pointpillars/build install --record /home/ivlab/perception_ws/build/pointpillars/install.log --single-version-externally-managed
[1.661s] running egg_info
[1.687s] writing ../../build/pointpillars/pointpillars.egg-info/PKG-INFO
[1.687s] writing dependency_links to ../../build/pointpillars/pointpillars.egg-info/dependency_links.txt
[1.688s] writing entry points to ../../build/pointpillars/pointpillars.egg-info/entry_points.txt
[1.688s] writing requirements to ../../build/pointpillars/pointpillars.egg-info/requires.txt
[1.688s] writing top-level names to ../../build/pointpillars/pointpillars.egg-info/top_level.txt
[1.728s] reading manifest file '../../build/pointpillars/pointpillars.egg-info/SOURCES.txt'
[1.729s] writing manifest file '../../build/pointpillars/pointpillars.egg-info/SOURCES.txt'
[1.730s] running build
[1.730s] running build_py
[1.730s] copying pointpillars/pointpillars.py -> /home/ivlab/perception_ws/build/pointpillars/build/lib/pointpillars
[1.730s] running install
[1.731s] /home/ivlab/.local/lib/python3.8/site-packages/setuptools/command/install.py:34: SetuptoolsDeprecationWarning: setup.py install is deprecated. Use build and pip and other standards-based tools.
[1.731s]   warnings.warn(
[1.740s] running install_lib
[1.759s] copying /home/ivlab/perception_ws/build/pointpillars/build/lib/pointpillars/pointpillars.py -> /home/ivlab/perception_ws/install/pointpillars/lib/python3.8/site-packages/pointpillars
[1.760s] byte-compiling /home/ivlab/perception_ws/install/pointpillars/lib/python3.8/site-packages/pointpillars/pointpillars.py to pointpillars.cpython-38.pyc
[1.761s] running install_data
[1.779s] running install_egg_info
[1.798s] removing '/home/ivlab/perception_ws/install/pointpillars/lib/python3.8/site-packages/pointpillars-0.0.0-py3.8.egg-info' (and everything under it)
[1.798s] Copying ../../build/pointpillars/pointpillars.egg-info to /home/ivlab/perception_ws/install/pointpillars/lib/python3.8/site-packages/pointpillars-0.0.0-py3.8.egg-info
[1.800s] running install_scripts
[1.871s] Installing pointpillars script to /home/ivlab/perception_ws/install/pointpillars/lib/pointpillars
[1.872s] writing list of installed files to '/home/ivlab/perception_ws/build/pointpillars/install.log'
[1.904s] Invoked command in '/home/ivlab/perception_ws/src/pointpillars' returned '0': PYTHONPATH=/home/ivlab/perception_ws/build/pointpillars/prefix_override:/home/ivlab/perception_ws/install/pointpillars/lib/python3.8/site-packages:${PYTHONPATH} /usr/bin/python3 setup.py egg_info --egg-base ../../build/pointpillars build --build-base /home/ivlab/perception_ws/build/pointpillars/build install --record /home/ivlab/perception_ws/build/pointpillars/install.log --single-version-externally-managed
