[0.376s] DEBUG:colcon:Command line arguments: ['/usr/bin/colcon', 'build']
[0.376s] DEBUG:colcon:Parsed command line arguments: Namespace(allow_overriding=[], ament_cmake_args=None, base_paths=['.'], build_base='build', catkin_cmake_args=None, catkin_skip_building_tests=False, cmake_args=None, cmake_clean_cache=False, cmake_clean_first=False, cmake_force_configure=False, cmake_target=None, cmake_target_skip_unavailable=False, continue_on_error=False, event_handlers=None, executor='parallel', ignore_user_meta=False, install_base='install', log_base=None, log_level=None, main=<bound method BuildVerb.main of <colcon_core.verb.build.BuildVerb object at 0x7fd32b1701f0>>, merge_install=False, metas=['./colcon.meta'], packages_above=None, packages_above_and_dependencies=None, packages_above_depth=None, packages_end=None, packages_ignore=None, packages_ignore_regex=None, packages_select=None, packages_select_build_failed=False, packages_select_by_dep=None, packages_select_regex=None, packages_select_test_failures=False, packages_skip=None, packages_skip_build_finished=False, packages_skip_by_dep=None, packages_skip_regex=None, packages_skip_test_passed=False, packages_skip_up_to=None, packages_start=None, packages_up_to=None, packages_up_to_regex=None, parallel_workers=8, paths=None, symlink_install=False, test_result_base=None, verb_extension=<colcon_core.verb.build.BuildVerb object at 0x7fd32b1701f0>, verb_name='build', verb_parser=<colcon_defaults.argument_parser.defaults.DefaultArgumentsDecorator object at 0x7fd32a770b80>)
[0.424s] Level 1:colcon.colcon_core.package_discovery:discover_packages(colcon_meta) check parameters
[0.424s] Level 1:colcon.colcon_core.package_discovery:discover_packages(recursive) check parameters
[0.424s] Level 1:colcon.colcon_core.package_discovery:discover_packages(ignore) check parameters
[0.424s] Level 1:colcon.colcon_core.package_discovery:discover_packages(path) check parameters
[0.424s] Level 1:colcon.colcon_core.package_discovery:discover_packages(colcon_meta) discover
[0.424s] Level 1:colcon.colcon_core.package_discovery:discover_packages(recursive) discover
[0.424s] INFO:colcon.colcon_core.package_discovery:Crawling recursively for packages in '/home/ivlab/perception_ws'
[0.424s] Level 1:colcon.colcon_core.package_identification:_identify(.) by extensions ['ignore', 'ignore_ament_install']
[0.424s] Level 1:colcon.colcon_core.package_identification:_identify(.) by extension 'ignore'
[0.424s] Level 1:colcon.colcon_core.package_identification:_identify(.) by extension 'ignore_ament_install'
[0.425s] Level 1:colcon.colcon_core.package_identification:_identify(.) by extensions ['colcon_pkg']
[0.425s] Level 1:colcon.colcon_core.package_identification:_identify(.) by extension 'colcon_pkg'
[0.425s] Level 1:colcon.colcon_core.package_identification:_identify(.) by extensions ['colcon_meta']
[0.425s] Level 1:colcon.colcon_core.package_identification:_identify(.) by extension 'colcon_meta'
[0.425s] Level 1:colcon.colcon_core.package_identification:_identify(.) by extensions ['ros']
[0.425s] Level 1:colcon.colcon_core.package_identification:_identify(.) by extension 'ros'
[0.437s] Level 1:colcon.colcon_core.package_identification:_identify(.) by extensions ['cmake', 'python']
[0.437s] Level 1:colcon.colcon_core.package_identification:_identify(.) by extension 'cmake'
[0.437s] Level 1:colcon.colcon_core.package_identification:_identify(.) by extension 'python'
[0.437s] Level 1:colcon.colcon_core.package_identification:_identify(.) by extensions ['python_setup_py']
[0.437s] Level 1:colcon.colcon_core.package_identification:_identify(.) by extension 'python_setup_py'
[0.437s] Level 1:colcon.colcon_core.package_identification:_identify(build) by extensions ['ignore', 'ignore_ament_install']
[0.437s] Level 1:colcon.colcon_core.package_identification:_identify(build) by extension 'ignore'
[0.438s] Level 1:colcon.colcon_core.package_identification:_identify(build) ignored
[0.438s] Level 1:colcon.colcon_core.package_identification:_identify(install) by extensions ['ignore', 'ignore_ament_install']
[0.438s] Level 1:colcon.colcon_core.package_identification:_identify(install) by extension 'ignore'
[0.438s] Level 1:colcon.colcon_core.package_identification:_identify(install) ignored
[0.438s] Level 1:colcon.colcon_core.package_identification:_identify(log) by extensions ['ignore', 'ignore_ament_install']
[0.438s] Level 1:colcon.colcon_core.package_identification:_identify(log) by extension 'ignore'
[0.438s] Level 1:colcon.colcon_core.package_identification:_identify(log) ignored
[0.438s] Level 1:colcon.colcon_core.package_identification:_identify(src) by extensions ['ignore', 'ignore_ament_install']
[0.438s] Level 1:colcon.colcon_core.package_identification:_identify(src) by extension 'ignore'
[0.438s] Level 1:colcon.colcon_core.package_identification:_identify(src) by extension 'ignore_ament_install'
[0.438s] Level 1:colcon.colcon_core.package_identification:_identify(src) by extensions ['colcon_pkg']
[0.439s] Level 1:colcon.colcon_core.package_identification:_identify(src) by extension 'colcon_pkg'
[0.439s] Level 1:colcon.colcon_core.package_identification:_identify(src) by extensions ['colcon_meta']
[0.439s] Level 1:colcon.colcon_core.package_identification:_identify(src) by extension 'colcon_meta'
[0.439s] Level 1:colcon.colcon_core.package_identification:_identify(src) by extensions ['ros']
[0.439s] Level 1:colcon.colcon_core.package_identification:_identify(src) by extension 'ros'
[0.439s] Level 1:colcon.colcon_core.package_identification:_identify(src) by extensions ['cmake', 'python']
[0.439s] Level 1:colcon.colcon_core.package_identification:_identify(src) by extension 'cmake'
[0.439s] Level 1:colcon.colcon_core.package_identification:_identify(src) by extension 'python'
[0.439s] Level 1:colcon.colcon_core.package_identification:_identify(src) by extensions ['python_setup_py']
[0.439s] Level 1:colcon.colcon_core.package_identification:_identify(src) by extension 'python_setup_py'
[0.439s] Level 1:colcon.colcon_core.package_identification:_identify(src/pointpillars) by extensions ['ignore', 'ignore_ament_install']
[0.439s] Level 1:colcon.colcon_core.package_identification:_identify(src/pointpillars) by extension 'ignore'
[0.439s] Level 1:colcon.colcon_core.package_identification:_identify(src/pointpillars) by extension 'ignore_ament_install'
[0.439s] Level 1:colcon.colcon_core.package_identification:_identify(src/pointpillars) by extensions ['colcon_pkg']
[0.440s] Level 1:colcon.colcon_core.package_identification:_identify(src/pointpillars) by extension 'colcon_pkg'
[0.440s] Level 1:colcon.colcon_core.package_identification:_identify(src/pointpillars) by extensions ['colcon_meta']
[0.440s] Level 1:colcon.colcon_core.package_identification:_identify(src/pointpillars) by extension 'colcon_meta'
[0.440s] Level 1:colcon.colcon_core.package_identification:_identify(src/pointpillars) by extensions ['ros']
[0.440s] Level 1:colcon.colcon_core.package_identification:_identify(src/pointpillars) by extension 'ros'
[0.442s] DEBUG:colcon.colcon_core.package_identification:Package 'src/pointpillars' with type 'ros.ament_python' and name 'pointpillars'
[0.442s] Level 1:colcon.colcon_core.package_discovery:discover_packages(recursive) using defaults
[0.442s] Level 1:colcon.colcon_core.package_discovery:discover_packages(ignore) discover
[0.442s] Level 1:colcon.colcon_core.package_discovery:discover_packages(ignore) using defaults
[0.442s] Level 1:colcon.colcon_core.package_discovery:discover_packages(path) discover
[0.442s] Level 1:colcon.colcon_core.package_discovery:discover_packages(path) using defaults
[0.463s] Level 1:colcon.colcon_core.package_discovery:discover_packages(prefix_path) check parameters
[0.463s] Level 1:colcon.colcon_core.package_discovery:discover_packages(prefix_path) discover
[0.466s] DEBUG:colcon.colcon_installed_package_information.package_discovery:Found 1 installed packages in /home/ivlab/perception_ws/install
[0.467s] DEBUG:colcon.colcon_installed_package_information.package_discovery:Found 1 installed packages in /home/ivlab/ros2_socketcan/install
[0.468s] DEBUG:colcon.colcon_installed_package_information.package_discovery:Found 2 installed packages in /home/ivlab/CANmsg_imugps/install
[0.470s] DEBUG:colcon.colcon_installed_package_information.package_discovery:Found 324 installed packages in /opt/ros/galactic
[0.471s] Level 1:colcon.colcon_core.package_discovery:discover_packages(prefix_path) using defaults
[0.547s] Level 5:colcon.colcon_core.verb:set package 'pointpillars' build argument 'cmake_args' from command line to 'None'
[0.547s] Level 5:colcon.colcon_core.verb:set package 'pointpillars' build argument 'cmake_target' from command line to 'None'
[0.547s] Level 5:colcon.colcon_core.verb:set package 'pointpillars' build argument 'cmake_target_skip_unavailable' from command line to 'False'
[0.547s] Level 5:colcon.colcon_core.verb:set package 'pointpillars' build argument 'cmake_clean_cache' from command line to 'False'
[0.547s] Level 5:colcon.colcon_core.verb:set package 'pointpillars' build argument 'cmake_clean_first' from command line to 'False'
[0.547s] Level 5:colcon.colcon_core.verb:set package 'pointpillars' build argument 'cmake_force_configure' from command line to 'False'
[0.547s] Level 5:colcon.colcon_core.verb:set package 'pointpillars' build argument 'ament_cmake_args' from command line to 'None'
[0.547s] Level 5:colcon.colcon_core.verb:set package 'pointpillars' build argument 'catkin_cmake_args' from command line to 'None'
[0.547s] Level 5:colcon.colcon_core.verb:set package 'pointpillars' build argument 'catkin_skip_building_tests' from command line to 'False'
[0.547s] DEBUG:colcon.colcon_core.verb:Building package 'pointpillars' with the following arguments: {'ament_cmake_args': None, 'build_base': '/home/ivlab/perception_ws/build/pointpillars', 'catkin_cmake_args': None, 'catkin_skip_building_tests': False, 'cmake_args': None, 'cmake_clean_cache': False, 'cmake_clean_first': False, 'cmake_force_configure': False, 'cmake_target': None, 'cmake_target_skip_unavailable': False, 'install_base': '/home/ivlab/perception_ws/install/pointpillars', 'merge_install': False, 'path': '/home/ivlab/perception_ws/src/pointpillars', 'symlink_install': False, 'test_result_base': None}
[0.548s] INFO:colcon.colcon_core.executor:Executing jobs using 'parallel' executor
[0.553s] DEBUG:colcon.colcon_parallel_executor.executor.parallel:run_until_complete
[0.553s] INFO:colcon.colcon_ros.task.ament_python.build:Building ROS package in '/home/ivlab/perception_ws/src/pointpillars' with build type 'ament_python'
[0.553s] Level 1:colcon.colcon_core.shell:create_environment_hook('pointpillars', 'ament_prefix_path')
[0.559s] INFO:colcon.colcon_core.plugin_system:Skipping extension 'colcon_core.shell.bat': Not used on non-Windows systems
[0.560s] INFO:colcon.colcon_core.shell:Creating environment hook '/home/ivlab/perception_ws/install/pointpillars/share/pointpillars/hook/ament_prefix_path.ps1'
[0.560s] INFO:colcon.colcon_core.shell:Creating environment descriptor '/home/ivlab/perception_ws/install/pointpillars/share/pointpillars/hook/ament_prefix_path.dsv'
[0.561s] INFO:colcon.colcon_core.shell:Creating environment hook '/home/ivlab/perception_ws/install/pointpillars/share/pointpillars/hook/ament_prefix_path.sh'
[0.563s] INFO:colcon.colcon_core.shell:Skip shell extension 'powershell' for command environment: Not usable outside of PowerShell
[0.563s] DEBUG:colcon.colcon_core.shell:Skip shell extension 'dsv' for command environment
[0.997s] INFO:colcon.colcon_core.task.python.build:Building Python package in '/home/ivlab/perception_ws/src/pointpillars'
[0.999s] INFO:colcon.colcon_core.shell:Skip shell extension 'powershell' for command environment: Not usable outside of PowerShell
[0.999s] DEBUG:colcon.colcon_core.shell:Skip shell extension 'dsv' for command environment
[1.786s] DEBUG:colcon.colcon_core.event_handler.log_command:Invoking command in '/home/ivlab/perception_ws/src/pointpillars': PYTHONPATH=/home/ivlab/perception_ws/build/pointpillars/prefix_override:/home/ivlab/perception_ws/install/pointpillars/lib/python3.8/site-packages:${PYTHONPATH} /usr/bin/python3 setup.py egg_info --egg-base ../../build/pointpillars build --build-base /home/ivlab/perception_ws/build/pointpillars/build install --record /home/ivlab/perception_ws/build/pointpillars/install.log --single-version-externally-managed
[2.477s] DEBUG:colcon.colcon_core.event_handler.log_command:Invoked command in '/home/ivlab/perception_ws/src/pointpillars' returned '0': PYTHONPATH=/home/ivlab/perception_ws/build/pointpillars/prefix_override:/home/ivlab/perception_ws/install/pointpillars/lib/python3.8/site-packages:${PYTHONPATH} /usr/bin/python3 setup.py egg_info --egg-base ../../build/pointpillars build --build-base /home/ivlab/perception_ws/build/pointpillars/build install --record /home/ivlab/perception_ws/build/pointpillars/install.log --single-version-externally-managed
[2.482s] Level 1:colcon.colcon_core.environment:checking '/home/ivlab/perception_ws/install/pointpillars' for CMake module files
[2.482s] Level 1:colcon.colcon_core.environment:checking '/home/ivlab/perception_ws/install/pointpillars' for CMake config files
[2.483s] Level 1:colcon.colcon_core.environment:checking '/home/ivlab/perception_ws/install/pointpillars/lib'
[2.483s] Level 1:colcon.colcon_core.environment:checking '/home/ivlab/perception_ws/install/pointpillars/bin'
[2.483s] Level 1:colcon.colcon_core.environment:checking '/home/ivlab/perception_ws/install/pointpillars/lib/pkgconfig/pointpillars.pc'
[2.484s] Level 1:colcon.colcon_core.environment:checking '/home/ivlab/perception_ws/install/pointpillars/lib/python3.8/site-packages'
[2.484s] Level 1:colcon.colcon_core.shell:create_environment_hook('pointpillars', 'pythonpath')
[2.485s] INFO:colcon.colcon_core.shell:Creating environment hook '/home/ivlab/perception_ws/install/pointpillars/share/pointpillars/hook/pythonpath.ps1'
[2.486s] INFO:colcon.colcon_core.shell:Creating environment descriptor '/home/ivlab/perception_ws/install/pointpillars/share/pointpillars/hook/pythonpath.dsv'
[2.486s] INFO:colcon.colcon_core.shell:Creating environment hook '/home/ivlab/perception_ws/install/pointpillars/share/pointpillars/hook/pythonpath.sh'
[2.487s] Level 1:colcon.colcon_core.environment:checking '/home/ivlab/perception_ws/install/pointpillars/bin'
[2.487s] Level 1:colcon.colcon_core.environment:create_environment_scripts_only(pointpillars)
[2.489s] INFO:colcon.colcon_core.shell:Creating package script '/home/ivlab/perception_ws/install/pointpillars/share/pointpillars/package.ps1'
[2.489s] INFO:colcon.colcon_core.shell:Creating package descriptor '/home/ivlab/perception_ws/install/pointpillars/share/pointpillars/package.dsv'
[2.490s] INFO:colcon.colcon_core.shell:Creating package script '/home/ivlab/perception_ws/install/pointpillars/share/pointpillars/package.sh'
[2.491s] INFO:colcon.colcon_core.shell:Creating package script '/home/ivlab/perception_ws/install/pointpillars/share/pointpillars/package.bash'
[2.491s] INFO:colcon.colcon_core.shell:Creating package script '/home/ivlab/perception_ws/install/pointpillars/share/pointpillars/package.zsh'
[2.492s] Level 1:colcon.colcon_core.environment:create_file_with_runtime_dependencies(/home/ivlab/perception_ws/install/pointpillars/share/colcon-core/packages/pointpillars)
[2.492s] DEBUG:colcon.colcon_parallel_executor.executor.parallel:closing loop
[2.493s] DEBUG:colcon.colcon_parallel_executor.executor.parallel:loop closed
[2.493s] DEBUG:colcon.colcon_parallel_executor.executor.parallel:run_until_complete finished with '0'
[2.493s] DEBUG:colcon.colcon_core.event_reactor:joining thread
[2.501s] INFO:colcon.colcon_core.plugin_system:Skipping extension 'colcon_notification.desktop_notification.terminal_notifier': Not used on non-Darwin systems
[2.501s] INFO:colcon.colcon_core.plugin_system:Skipping extension 'colcon_notification.desktop_notification.win32': Not used on non-Windows systems
[2.501s] INFO:colcon.colcon_notification.desktop_notification:Sending desktop notification using 'notify2'
[2.515s] DEBUG:colcon.colcon_core.event_reactor:joined thread
[2.517s] INFO:colcon.colcon_core.shell:Creating prefix script '/home/ivlab/perception_ws/install/local_setup.ps1'
[2.518s] INFO:colcon.colcon_core.shell:Creating prefix util module '/home/ivlab/perception_ws/install/_local_setup_util_ps1.py'
[2.519s] INFO:colcon.colcon_core.shell:Creating prefix chain script '/home/ivlab/perception_ws/install/setup.ps1'
[2.521s] INFO:colcon.colcon_core.shell:Creating prefix script '/home/ivlab/perception_ws/install/local_setup.sh'
[2.522s] INFO:colcon.colcon_core.shell:Creating prefix util module '/home/ivlab/perception_ws/install/_local_setup_util_sh.py'
[2.522s] INFO:colcon.colcon_core.shell:Creating prefix chain script '/home/ivlab/perception_ws/install/setup.sh'
[2.524s] INFO:colcon.colcon_core.shell:Creating prefix script '/home/ivlab/perception_ws/install/local_setup.bash'
[2.524s] INFO:colcon.colcon_core.shell:Creating prefix chain script '/home/ivlab/perception_ws/install/setup.bash'
[2.526s] INFO:colcon.colcon_core.shell:Creating prefix script '/home/ivlab/perception_ws/install/local_setup.zsh'
[2.526s] INFO:colcon.colcon_core.shell:Creating prefix chain script '/home/ivlab/perception_ws/install/setup.zsh'
